 /Users/srini/proj/IVL_UVM/Git_ivl_uvm/ivl_uvm/ivl_uvm_src/ivl_uvm_clp.svh(509) @ 0 [IVL_GO2UVM] CLP
 @ 0 [TIMOUTSET] '+UVM_TIMEOUT=1' Global Timeout: 1000
Using UVM_TESTNAME: test_pkg::sanity_test
 /Users/srini/proj/IVL_UVM/Git_ivl_uvm/ivl_uvm/ivl_uvm_src/ivl_uvm_comps.svh(117) @ 0 [IVL_GO2UVM] ivl_uvm_pkg.uvm_object.uvm_report_info
 /Users/srini/proj/IVL_UVM/Git_ivl_uvm/ivl_uvm/ivl_uvm_tests/ivl_uvm_test_4/ivl_uvm_test_bcl.sv(31) @ 0 [IVL_GO2UVM] ivl_uvm_pkg.uvm_object.uvm_report_info
 /Users/srini/proj/IVL_UVM/Git_ivl_uvm/ivl_uvm/ivl_uvm_tests/ivl_uvm_test_4/ivl_uvm_test_bcl.sv(45) @ 10000 [IVL_UVM] UVM_MEDIUM: Hello World
 /Users/srini/proj/IVL_UVM/Git_ivl_uvm/ivl_uvm/ivl_uvm_src/ivl_uvm_comps.svh(44) @ 10000 [IVL_GO2UVM] Print
 /Users/srini/proj/IVL_UVM/Git_ivl_uvm/ivl_uvm/ivl_uvm_src/ivl_uvm_comps.svh(69) @ 10000 [IVL_GO2UVM] build_phase
 /Users/srini/proj/IVL_UVM/Git_ivl_uvm/ivl_uvm/ivl_uvm_src/ivl_uvm_comps.svh(73) @ 10000 [IVL_GO2UVM] connect_phase
 /Users/srini/proj/IVL_UVM/Git_ivl_uvm/ivl_uvm/ivl_uvm_src/ivl_uvm_comps.svh(77) @ 10000 [IVL_GO2UVM] end_of_elaboration_phase
 /Users/srini/proj/IVL_UVM/Git_ivl_uvm/ivl_uvm/ivl_uvm_src/ivl_uvm_comps.svh(80) @ 10000 [IVL_GO2UVM] start_of_simulation_phase
 /Users/srini/proj/IVL_UVM/Git_ivl_uvm/ivl_uvm/ivl_uvm_src/ivl_uvm_comps.svh(85) @ 10000 [IVL_GO2UVM] run_phase
 /Users/srini/proj/IVL_UVM/Git_ivl_uvm/ivl_uvm/ivl_uvm_src/ivl_uvm_comps.svh(44) @ 10000 [IVL_GO2UVM] Print

--- UVM Report Summary ---

** Report counts by severity
UVM_INFO : 20
UVM_WARNING : 0
UVM_ERROR : 0
UVM_FATAL : 0
[5;34m
*** Congratulations! Test PASSED with NO UVM_ERRORs ***
[0m
 /Users/srini/proj/IVL_UVM/Git_ivl_uvm/ivl_uvm/ivl_uvm_src/ivl_uvm_msg.svh(72) @ 10000 [IVL_GO2UVM] Thanks for using IVL_UVM Package
